<?xml version="1.0" encoding="UTF-8"?>
<testng-results skipped="0" failed="0" ignored="0" total="5" passed="5">
  <reporter-output>
  </reporter-output>
  <suite name="Default suite" duration-ms="77445" started-at="2023-03-17T13:53:54 IST" finished-at="2023-03-17T13:55:12 IST">
    <groups>
      <group name="cucumber">
        <method signature="AbstractTestNGCucumberTests.runScenario(io.cucumber.testng.PickleWrapper,io.cucumber.testng.FeatureWrapper)[pri:0, instance:runners.blazeapprunner@4b9e255]" name="runScenario" class="io.cucumber.testng.AbstractTestNGCucumberTests"/>
      </group> <!-- cucumber -->
    </groups>
    <test name="Default test" duration-ms="77445" started-at="2023-03-17T13:53:54 IST" finished-at="2023-03-17T13:55:12 IST">
      <class name="runners.blazeapprunner">
        <test-method status="PASS" signature="setUpClass(org.testng.ITestContext)[pri:0, instance:runners.blazeapprunner@4b9e255]" name="setUpClass" is-config="true" duration-ms="19337" started-at="2023-03-17T13:53:54 IST" finished-at="2023-03-17T13:54:13 IST">
          <params>
            <param index="0">
              <value>
                <![CDATA[org.testng.TestRunner@1b9776f5]]>
              </value>
            </param>
          </params>
          <reporter-output>
          </reporter-output>
        </test-method> <!-- setUpClass -->
        <test-method status="PASS" signature="runScenario(io.cucumber.testng.PickleWrapper,io.cucumber.testng.FeatureWrapper)[pri:0, instance:runners.blazeapprunner@4b9e255]" name="runScenario" duration-ms="6025" started-at="2023-03-17T13:54:13 IST" description="Runs Cucumber Scenarios" data-provider="scenarios" finished-at="2023-03-17T13:54:19 IST">
          <params>
            <param index="0">
              <value>
                <![CDATA["Login into App"]]>
              </value>
            </param>
            <param index="1">
              <value>
                <![CDATA["Product Store Page Test"]]>
              </value>
            </param>
          </params>
          <reporter-output>
          </reporter-output>
        </test-method> <!-- runScenario -->
        <test-method status="PASS" signature="runScenario(io.cucumber.testng.PickleWrapper,io.cucumber.testng.FeatureWrapper)[pri:0, instance:runners.blazeapprunner@4b9e255]" name="runScenario" duration-ms="11516" started-at="2023-03-17T13:54:19 IST" description="Runs Cucumber Scenarios" data-provider="scenarios" finished-at="2023-03-17T13:54:31 IST">
          <params>
            <param index="0">
              <value>
                <![CDATA["Add items to cart"]]>
              </value>
            </param>
            <param index="1">
              <value>
                <![CDATA["Product Store Page Test"]]>
              </value>
            </param>
          </params>
          <reporter-output>
          </reporter-output>
        </test-method> <!-- runScenario -->
        <test-method status="PASS" signature="runScenario(io.cucumber.testng.PickleWrapper,io.cucumber.testng.FeatureWrapper)[pri:0, instance:runners.blazeapprunner@4b9e255]" name="runScenario" duration-ms="7678" started-at="2023-03-17T13:54:31 IST" description="Runs Cucumber Scenarios" data-provider="scenarios" finished-at="2023-03-17T13:54:39 IST">
          <params>
            <param index="0">
              <value>
                <![CDATA["Add items to cart"]]>
              </value>
            </param>
            <param index="1">
              <value>
                <![CDATA["Product Store Page Test"]]>
              </value>
            </param>
          </params>
          <reporter-output>
          </reporter-output>
        </test-method> <!-- runScenario -->
        <test-method status="PASS" signature="runScenario(io.cucumber.testng.PickleWrapper,io.cucumber.testng.FeatureWrapper)[pri:0, instance:runners.blazeapprunner@4b9e255]" name="runScenario" duration-ms="4900" started-at="2023-03-17T13:54:39 IST" description="Runs Cucumber Scenarios" data-provider="scenarios" finished-at="2023-03-17T13:54:44 IST">
          <params>
            <param index="0">
              <value>
                <![CDATA["Delete an Item"]]>
              </value>
            </param>
            <param index="1">
              <value>
                <![CDATA["Product Store Page Test"]]>
              </value>
            </param>
          </params>
          <reporter-output>
          </reporter-output>
        </test-method> <!-- runScenario -->
        <test-method status="PASS" signature="runScenario(io.cucumber.testng.PickleWrapper,io.cucumber.testng.FeatureWrapper)[pri:0, instance:runners.blazeapprunner@4b9e255]" name="runScenario" duration-ms="16199" started-at="2023-03-17T13:54:44 IST" description="Runs Cucumber Scenarios" data-provider="scenarios" finished-at="2023-03-17T13:55:00 IST">
          <params>
            <param index="0">
              <value>
                <![CDATA["Place Order"]]>
              </value>
            </param>
            <param index="1">
              <value>
                <![CDATA["Product Store Page Test"]]>
              </value>
            </param>
          </params>
          <reporter-output>
          </reporter-output>
        </test-method> <!-- runScenario -->
        <test-method status="PASS" signature="tearDownClass()[pri:0, instance:runners.blazeapprunner@4b9e255]" name="tearDownClass" is-config="true" duration-ms="11747" started-at="2023-03-17T13:55:00 IST" finished-at="2023-03-17T13:55:11 IST">
          <reporter-output>
          </reporter-output>
        </test-method> <!-- tearDownClass -->
      </class> <!-- runners.blazeapprunner -->
    </test> <!-- Default test -->
  </suite> <!-- Default suite -->
</testng-results>
